./document.err errors


== Style

(): Abstract is missing!
(): Preface is missing!
(): Submitting Organizations is missing!


== Metanorma XML Style Warning

(XML Line 000100): Table should have title
	<table id="_2439821e-744b-33ab-74a2-7814365011c2" unnumbered="true"><thead><tr><th valign="middle" align="left">Name</th>
	<th valign="middle" align="left">Organization</th>
	<th valign="middle" align="left">Role</th>
	</tr></thead>
	<tbody><tr><td valign="middle" align="left">Gobe Hobona</td>
(XML Line 000368): Hanging paragraph in clause
	<clause id="architecture" obligation="normative">
	<title>High-Level Architecture</title>
	<p id="_0e47a8df-bc03-c7b1-2d40-e8f4074417f3">The focus of the sprint was on the support of implementations of the open geospatial standards across various open source software projects. Implementations of these draft standards were deployed in participants’ own infrastructure in order to build a solution with the architecture shown below in <xref target="img_architecture"/>.</p>
	
	<figure id="img_architecture">
(XML Line 000379): Hanging paragraph in clause
	<clause id="_approved_ogc_standards" obligation="normative">
	<title>Approved OGC Standards</title>
	<p id="_c6044b12-0778-9fc8-70b1-c021d8976d93">This section describes the approved OGC standards implemented during the code sprint.</p>
	
	<clause id="_ogc_api_features" obligation="normative">
(XML Line 000408): Hanging paragraph in clause
	<clause id="_draft_ogc_specifications" obligation="normative">
	<title>Draft OGC Specifications</title>
	<p id="_5082e9bb-265f-4063-59ef-3e3fce52cc5a">This section describes the draft OGC specifications implemented during the code sprint.</p>
	
	<clause id="_ogc_api_common" obligation="normative">
(XML Line 000448): Hanging paragraph in clause
	<clause id="_osgeo_projects" obligation="normative">
	<title>OSGeo Projects</title>
	<p id="_b4786342-547f-7e0f-6242-4809b9ae7db4">This section describes software, by OSGeo Projects, that was deployed during the code sprint.</p>
	
	<clause id="grass" obligation="normative">
(XML Line 000485): Hanging paragraph in clause
	<clause id="_osgeo_community_projects" obligation="normative">
	<title>OSGeo Community Projects</title>
	<p id="_eda12df0-5085-6bb9-2b63-94d4027b20a8">This section describes software, by OSGeo Community Projects, that was deployed during the code sprint.</p>
	
	<clause id="leaflet" obligation="normative">
(XML Line 000525): Hanging paragraph in clause
	<clause id="_asf_projects" obligation="normative">
	<title>ASF Projects</title>
	<p id="_bdb15afc-9c5a-e9b0-72ec-d3f56d811930">This section describes software, by ASF Projects, that was deployed during the code sprint.</p>
	
	<clause id="apachesis" obligation="normative">
(XML Line 000597): Hanging paragraph in clause
	<clause id="results" obligation="normative">
	<title>Results</title>
	<p id="_c1fd1b40-b271-be04-f8d2-07402324dde5">The code sprint included multiple software libraries, OWS implementations, OGC API implementations and different client applications. In addition to supporting OWS and OGC API standards, various ASF and OSGeo software products involved in the code sprint also supported a variety of OGC encoding standards. This section presents some of the results from the code sprint.</p>
	
	<clause id="_leaflet" obligation="normative">
(XML Line 000883): Hanging paragraph in clause
	<clause id="conclusions" obligation="normative">
	<title>Conclusions</title>
	<p id="_604b1da7-018e-58cd-86b6-98a5d19fb95b">The code sprint facilitated the development and testing of prototype implementations of OGC standards, including implementations of draft OGC APIs standards. Further, the code sprint also enabled the participating developers to provide feedback to the editors of OGC standards. Furthermore, the code sprint provided a collaborative environment for OSGeo and ASF developers to fix open issues in products, develop new features, improve documentation, improve interoperability with other libraries/products, and develop prototype implementations of OGC standards. The code sprint therefore met all of its objectives and achieved its goal of accelerating the support of open geospatial standards within the developer community.</p>
	
	<clause id="_future_work" obligation="normative">
(XML Line 000915): Table should have title
	<table id="_00c8a05c-859d-3ef6-76bb-ae0968f353d9" unnumbered="true" width="90%"><thead><tr><th valign="middle" align="left">Date</th>
	<th valign="middle" align="left">Release</th>
	<th valign="middle" align="left">Author</th>
	<th valign="middle" align="left">Primary clauses modified</th>
	<th valign="middle" align="left">Description</th>


== Metanorma XML Syntax

(XML Line 000134:58): element "clause" not allowed here; expected element "abstract" or "foreword"
(XML Line 000137:91): element "clause" not allowed here; expected element "abstract" or "foreword"
(XML Line 000206:102): element "clause" not allowed here; expected element "abstract" or "foreword"
(XML Line 000206:288): element "submitters" not allowed yet; missing required element "foreword"
(XML Line 000390:86): element "definitions" not allowed here; expected the element end-tag or element "term"
